2025-01-12 23:23:55,593 INFO RPC interface 'supervisor' initialized
2025-01-12 23:23:55,594 CRIT Server 'inet_http_server' running without any HTTP authentication checking
2025-01-12 23:23:55,595 INFO daemonizing the supervisord process
2025-01-12 23:23:55,598 INFO supervisord started with pid 14703
2025-01-12 23:23:56,603 INFO spawned: 'cron' with pid 14728
2025-01-12 23:24:01,836 INFO success: cron entered RUNNING state, process has stayed up for > than 5 seconds (startsecs)
2025-01-12 23:27:41,250 INFO waiting for cron to stop
2025-01-12 23:27:41,252 WARN stopped: cron (terminated by SIGTERM)
2025-01-12 23:33:13,934 INFO RPC interface 'supervisor' initialized
2025-01-12 23:33:13,935 CRIT Server 'inet_http_server' running without any HTTP authentication checking
2025-01-12 23:33:13,937 INFO daemonizing the supervisord process
2025-01-12 23:33:13,939 INFO supervisord started with pid 18284
2025-01-12 23:33:14,943 INFO spawned: 'cron' with pid 18309
2025-01-12 23:33:20,136 INFO success: cron entered RUNNING state, process has stayed up for > than 5 seconds (startsecs)
2025-01-12 23:33:37,175 INFO waiting for cron to die
2025-01-12 23:33:37,177 WARN stopped: cron (terminated by SIGTERM)
2025-01-12 23:35:20,179 INFO RPC interface 'supervisor' initialized
2025-01-12 23:35:20,179 CRIT Server 'inet_http_server' running without any HTTP authentication checking
2025-01-12 23:35:20,181 INFO daemonizing the supervisord process
2025-01-12 23:35:20,186 INFO supervisord started with pid 19244
2025-01-12 23:35:21,189 INFO spawned: 'cron' with pid 19263
2025-01-12 23:35:26,379 INFO success: cron entered RUNNING state, process has stayed up for > than 5 seconds (startsecs)
2025-01-13 00:06:06,528 INFO RPC interface 'supervisor' initialized
2025-01-13 00:06:06,529 CRIT Server 'inet_http_server' running without any HTTP authentication checking
2025-01-13 00:06:06,533 INFO daemonizing the supervisord process
2025-01-13 00:06:06,538 INFO supervisord started with pid 448
2025-01-13 00:06:07,542 INFO spawned: 'cron' with pid 468
2025-01-13 00:06:13,198 INFO success: cron entered RUNNING state, process has stayed up for > than 5 seconds (startsecs)
